2023-03-03 11:18:01,443 [Worker-2: Loading available Gradle versions] INFO  o.e.b.c.i.u.g.PublishedGradleVersions - Gradle version information cache is up-to-date. Trying to read.
2023-03-03 11:18:45,159 [Worker-2: Importing Maven projects] INFO  o.e.m.c.i.l.LifecycleMappingFactory - Using org.eclipse.m2e.jdt.JarLifecycleMapping lifecycle mapping for MavenProject: com.sophossolutions:PageObjectModel:0.0.1-SNAPSHOT @ C:\Users\camila.morales\Downloads\Semillero\Semillero.2023-1\POMSAUCEDEMO\pageobjectmodel\pom.xml.
2023-03-03 11:18:52,805 [Worker-2: Importing Maven projects] INFO  o.e.m.j.i.AbstractJavaProjectConfigurator - Adding source folder /pageobjectmodel/src/main/java
2023-03-03 11:18:52,806 [Worker-2: Importing Maven projects] INFO  o.e.m.j.i.AbstractJavaProjectConfigurator - Adding resource folder /pageobjectmodel/src/main/resources
2023-03-03 11:18:52,808 [Worker-2: Importing Maven projects] INFO  o.e.m.j.i.AbstractJavaProjectConfigurator - Adding source folder /pageobjectmodel/src/test/java
2023-03-03 11:18:52,808 [Worker-2: Importing Maven projects] INFO  o.e.m.j.i.AbstractJavaProjectConfigurator - Adding resource folder /pageobjectmodel/src/test/resources
2023-03-03 11:18:53,312 [Worker-2: Importing Maven projects] INFO  o.e.m.c.i.p.ProjectConfigurationManager - Imported and configured 1 project(s) in 10 sec
2023-03-03 11:18:53,764 [Worker-2: Updating Maven Project] INFO  o.e.m.c.i.p.ProjectConfigurationManager - Update started
2023-03-03 11:18:54,150 [Worker-2: Updating Maven Project] INFO  o.e.m.c.i.l.LifecycleMappingFactory - Using org.eclipse.m2e.jdt.JarLifecycleMapping lifecycle mapping for MavenProject: com.sophossolutions:PageObjectModel:0.0.1-SNAPSHOT @ C:\Users\camila.morales\Downloads\Semillero\Semillero.2023-1\POMSAUCEDEMO\pageobjectmodel\pom.xml.
2023-03-03 11:18:55,386 [Worker-2: Updating Maven Project] INFO  o.e.m.j.i.AbstractJavaProjectConfigurator - Adding source folder /pageobjectmodel/src/main/java
2023-03-03 11:18:55,387 [Worker-2: Updating Maven Project] INFO  o.e.m.j.i.AbstractJavaProjectConfigurator - Adding resource folder /pageobjectmodel/src/main/resources
2023-03-03 11:18:55,388 [Worker-2: Updating Maven Project] INFO  o.e.m.j.i.AbstractJavaProjectConfigurator - Adding source folder /pageobjectmodel/src/test/java
2023-03-03 11:18:55,388 [Worker-2: Updating Maven Project] INFO  o.e.m.j.i.AbstractJavaProjectConfigurator - Adding resource folder /pageobjectmodel/src/test/resources
2023-03-03 11:18:56,040 [Worker-2: Updating Maven Project] INFO  o.e.m.c.i.p.ProjectConfigurationManager - Update completed for 1 poms: local refresh takes 0,00 sec, refresh facades takes 1,00 sec, update config takes 0,00 sec 
2023-03-03 11:18:56,727 [Worker-1: Building] WARN  o.e.m.c.i.embedder.EclipseLogger - Using platform encoding (Cp1252 actually) to copy filtered resources, i.e. build is platform dependent!
2023-03-03 11:18:56,732 [Worker-1: Building] INFO  o.e.m.c.i.embedder.EclipseLogger - Copying 1 resource
2023-03-03 11:18:56,749 [Worker-1: Building] WARN  o.e.m.c.i.embedder.EclipseLogger - Using platform encoding (Cp1252 actually) to copy filtered resources, i.e. build is platform dependent!
2023-03-03 11:18:56,751 [Worker-1: Building] INFO  o.e.m.c.i.embedder.EclipseLogger - Copying 9 resources
2023-03-03 11:18:59,897 [Worker-14: Building] WARN  o.e.m.c.i.embedder.EclipseLogger - Using platform encoding (Cp1252 actually) to copy filtered resources, i.e. build is platform dependent!
2023-03-03 11:18:59,899 [Worker-14: Building] INFO  o.e.m.c.i.embedder.EclipseLogger - Copying 0 resource
2023-03-03 11:18:59,902 [Worker-14: Building] WARN  o.e.m.c.i.embedder.EclipseLogger - Using platform encoding (Cp1252 actually) to copy filtered resources, i.e. build is platform dependent!
2023-03-03 11:18:59,904 [Worker-14: Building] INFO  o.e.m.c.i.embedder.EclipseLogger - Copying 0 resource
